<?xml version="1.0" encoding="UTF-8"?>
<testsuites>
  <testsuite name="/app/phpunit.xml" tests="35" assertions="108" errors="0" failures="9" skipped="0" time="133.683354">
    <testsuite name="Unit" tests="1" assertions="1" errors="0" failures="0" skipped="0" time="1.946971">
      <testsuite name="Tests\Unit\ExampleTest" file="tests/Unit/ExampleTest.php" tests="1" assertions="1" errors="0" failures="0" skipped="0" time="1.946971">
        <testcase name="that true is true" file="tests/Unit/ExampleTest.php::that true is true" class="Tests\Unit\ExampleTest" classname="Tests.Unit.ExampleTest" assertions="1" time="1.946971"/>
      </testsuite>
    </testsuite>
    <testsuite name="Feature" tests="34" assertions="107" errors="0" failures="9" skipped="0" time="131.736382">
      <testsuite name="Tests\Feature\Auth\AuthenticationTest" file="Authentication (Tests\Feature\Auth\Authentication)" tests="6" assertions="28" errors="0" failures="0" skipped="0" time="33.913287">
        <testcase name="User can login with valid credentials" file="Authentication (Tests\Feature\Auth\Authentication)::User can login with valid credentials" class="Tests\Feature\Auth\AuthenticationTest" classname="Tests.Feature.Auth.AuthenticationTest" assertions="16" time="19.605090"/>
        <testcase name="Login tracks last login with real ip" file="Authentication (Tests\Feature\Auth\Authentication)::Login tracks last login with real ip" class="Tests\Feature\Auth\AuthenticationTest" classname="Tests.Feature.Auth.AuthenticationTest" assertions="4" time="3.092503"/>
        <testcase name="User cannot login with invalid credentials" file="Authentication (Tests\Feature\Auth\Authentication)::User cannot login with invalid credentials" class="Tests\Feature\Auth\AuthenticationTest" classname="Tests.Feature.Auth.AuthenticationTest" assertions="3" time="2.850979"/>
        <testcase name="User can logout" file="Authentication (Tests\Feature\Auth\Authentication)::User can logout" class="Tests\Feature\Auth\AuthenticationTest" classname="Tests.Feature.Auth.AuthenticationTest" assertions="2" time="2.824805"/>
        <testcase name="User can verify token" file="Authentication (Tests\Feature\Auth\Authentication)::User can verify token" class="Tests\Feature\Auth\AuthenticationTest" classname="Tests.Feature.Auth.AuthenticationTest" assertions="2" time="2.685049"/>
        <testcase name="Verify fails without token" file="Authentication (Tests\Feature\Auth\Authentication)::Verify fails without token" class="Tests\Feature\Auth\AuthenticationTest" classname="Tests.Feature.Auth.AuthenticationTest" assertions="1" time="2.854862"/>
      </testsuite>
      <testsuite name="Tests\Feature\Auth\LoginTest" file="tests/Feature/Auth/LoginTest.php" tests="1" assertions="2" errors="0" failures="0" skipped="0" time="3.287028">
        <testcase name="it logs in an admin and returns the correct role id" file="tests/Feature/Auth/LoginTest.php::it logs in an admin and returns the correct role id" class="Tests\Feature\Auth\LoginTest" classname="Tests.Feature.Auth.LoginTest" assertions="2" time="3.287028"/>
      </testsuite>
      <testsuite name="Tests\Feature\Auth\ProfileManagementTest" file="Profile Management (Tests\Feature\Auth\ProfileManagement)" tests="8" assertions="21" errors="0" failures="0" skipped="0" time="31.966691">
        <testcase name="User can update their profile" file="Profile Management (Tests\Feature\Auth\ProfileManagement)::User can update their profile" class="Tests\Feature\Auth\ProfileManagementTest" classname="Tests.Feature.Auth.ProfileManagementTest" assertions="4" time="8.606305"/>
        <testcase name="User cannot update other users profile" file="Profile Management (Tests\Feature\Auth\ProfileManagement)::User cannot update other users profile" class="Tests\Feature\Auth\ProfileManagementTest" classname="Tests.Feature.Auth.ProfileManagementTest" assertions="2" time="2.801033"/>
        <testcase name="User can change password" file="Profile Management (Tests\Feature\Auth\ProfileManagement)::User can change password" class="Tests\Feature\Auth\ProfileManagementTest" classname="Tests.Feature.Auth.ProfileManagementTest" assertions="2" time="3.707334"/>
        <testcase name="Password change requires current password" file="Profile Management (Tests\Feature\Auth\ProfileManagement)::Password change requires current password" class="Tests\Feature\Auth\ProfileManagementTest" classname="Tests.Feature.Auth.ProfileManagementTest" assertions="3" time="2.859716"/>
        <testcase name="Profile validation works correctly" file="Profile Management (Tests\Feature\Auth\ProfileManagement)::Profile validation works correctly" class="Tests\Feature\Auth\ProfileManagementTest" classname="Tests.Feature.Auth.ProfileManagementTest" assertions="4" time="3.200641"/>
        <testcase name="Admin can update any user profile" file="Profile Management (Tests\Feature\Auth\ProfileManagement)::Admin can update any user profile" class="Tests\Feature\Auth\ProfileManagementTest" classname="Tests.Feature.Auth.ProfileManagementTest" assertions="2" time="3.072223"/>
        <testcase name="Email update requires unique email" file="Profile Management (Tests\Feature\Auth\ProfileManagement)::Email update requires unique email" class="Tests\Feature\Auth\ProfileManagementTest" classname="Tests.Feature.Auth.ProfileManagementTest" assertions="3" time="3.191648"/>
        <testcase name="Debug routes and auth" file="Profile Management (Tests\Feature\Auth\ProfileManagement)::Debug routes and auth" class="Tests\Feature\Auth\ProfileManagementTest" classname="Tests.Feature.Auth.ProfileManagementTest" assertions="1" time="4.527791">
          <system-out>
Collection (/admin/users): 404
Item GET: 200
PATCH: 200</system-out>
        </testcase>
      </testsuite>
      <testsuite name="Tests\Feature\PermissionsApiTest" file="Permissions Api (Tests\Feature\PermissionsApi)" tests="3" assertions="18" errors="0" failures="0" skipped="0" time="9.402322">
        <testcase name="It returns grouped permissions with stats" file="Permissions Api (Tests\Feature\PermissionsApi)::It returns grouped permissions with stats" class="Tests\Feature\PermissionsApiTest" classname="Tests.Feature.PermissionsApiTest" assertions="13" time="3.082243"/>
        <testcase name="It calculates permission usage correctly" file="Permissions Api (Tests\Feature\PermissionsApi)::It calculates permission usage correctly" class="Tests\Feature\PermissionsApiTest" classname="Tests.Feature.PermissionsApiTest" assertions="4" time="2.883182"/>
        <testcase name="It requires authentication" file="Permissions Api (Tests\Feature\PermissionsApi)::It requires authentication" class="Tests\Feature\PermissionsApiTest" classname="Tests.Feature.PermissionsApiTest" assertions="1" time="3.436896"/>
      </testsuite>
      <testsuite name="Tests\Feature\ProductApiTest" file="Product Api (Tests\Feature\ProductApi)" tests="12" assertions="33" errors="0" failures="9" skipped="0" time="41.278448">
        <testcase name="Can get products collection" file="Product Api (Tests\Feature\ProductApi)::Can get products collection" class="Tests\Feature\ProductApiTest" classname="Tests.Feature.ProductApiTest" assertions="2" time="5.444783">
          <failure type="PHPUnit\Framework\ExpectationFailedException">Can get products collectionFailed asserting that an array has the key 'data'.
at vendor/laravel/framework/src/Illuminate/Testing/AssertableJsonString.php:299
at vendor/laravel/framework/src/Illuminate/Testing/TestResponse.php:911
at tests/Feature/ProductApiTest.php:46</failure>
        </testcase>
        <testcase name="Products collection handles models without specific tags" file="Product Api (Tests\Feature\ProductApi)::Products collection handles models without specific tags" class="Tests\Feature\ProductApiTest" classname="Tests.Feature.ProductApiTest" assertions="1" time="2.805905"/>
        <testcase name="Can filter products by type" file="Product Api (Tests\Feature\ProductApi)::Can filter products by type" class="Tests\Feature\ProductApiTest" classname="Tests.Feature.ProductApiTest" assertions="2" time="3.118409">
          <failure type="PHPUnit\Framework\ExpectationFailedException">Can filter products by typeFailed asserting that null matches expected 1.
at tests/Feature/ProductApiTest.php:104</failure>
        </testcase>
        <testcase name="Can get single product" file="Product Api (Tests\Feature\ProductApi)::Can get single product" class="Tests\Feature\ProductApiTest" classname="Tests.Feature.ProductApiTest" assertions="9" time="3.128600">
          <failure type="PHPUnit\Framework\ExpectationFailedException">Can get single productFailed asserting that an array has the key 'type_config'.
at vendor/laravel/framework/src/Illuminate/Testing/AssertableJsonString.php:303
at vendor/laravel/framework/src/Illuminate/Testing/TestResponse.php:911
at tests/Feature/ProductApiTest.php:127</failure>
        </testcase>
        <testcase name="Returns 404 for non existent product" file="Product Api (Tests\Feature\ProductApi)::Returns 404 for non existent product" class="Tests\Feature\ProductApiTest" classname="Tests.Feature.ProductApiTest" assertions="1" time="3.150402"/>
        <testcase name="Can create activity product" file="Product Api (Tests\Feature\ProductApi)::Can create activity product" class="Tests\Feature\ProductApiTest" classname="Tests.Feature.ProductApiTest" assertions="6" time="3.741367">
          <failure type="PHPUnit\Framework\ExpectationFailedException">Can create activity productUnable to find JSON: 

[{
    "name": "Test Activity",
    "price": 99.99,
    "productable_detail": {
        "guide": "Jane Smith",
        "duration": 180
    }
}]

within response JSON:

[{
    "id": 42,
    "name": "Mountain Adventure",
    "description": "An exciting mountain hiking experience",
    "price": 99.99,
    "formatted_price": "99,99 €",
    "status": true,
    "is_draft": false,
    "status_label": "Actif",
    "status_class": "status-active",
    "typeConfig": {
        "label": "Activités",
        "singular": "Activité",
        "icon": "fas fa-hiking",
        "color": "#3b82f6",
        "class": "App\\Models\\Activity"
    },
    "productableType": "App\\Models\\Activity",
    "image": null,
    "productable_type": "App\\Models\\Activity",
    "productable_detail": {
        "id": 7,
        "guide": "Jane Smith",
        "duration": 180,
        "meeting_point": "Base Camp",
        "max_people": 12,
        "difficulty_level": 3,
        "created_at": "2025-09-14T19:08:58.000000Z",
        "updated_at": "2025-09-14T19:08:58.000000Z"
    },
    "productableDetail": {
        "id": 7,
        "guide": "Jane Smith",
        "duration": 180,
        "meeting_point": "Base Camp",
        "max_people": 12,
        "difficulty_level": 3,
        "created_at": "2025-09-14T19:08:58.000000Z",
        "updated_at": "2025-09-14T19:08:58.000000Z"
    },
    "detail_fields": {
        "guide": {
            "label": "Guide",
            "value": "Jane Smith"
        },
        "duration": {
            "label": "Durée",
            "value": "180 min"
        },
        "meeting_point": {
            "label": "Point RDV",
            "value": "Base Camp"
        },
        "max_people": {
            "label": "Capacité max",
            "value": "12 pers."
        },
        "difficulty_level": {
            "label": "Difficulté",
            "value": "Difficile"
        }
    },
    "category": {
        "id": 27,
        "name": "consectetur",
        "type": "Activity",
        "description": "Quis et dolores quod qui mollitia."
    },
    "tags": [],
    "options": [],
    "relations": [],
    "statistics": {
        "views": 0,
        "reservations_count": 0,
        "average_rating": 0,
        "total_revenue": 0
    },
    "created_at": "2025-09-14T19:08:58.000000Z",
    "updated_at": "2025-09-14T19:08:58.000000Z"
}].


Failed asserting that an array has the subset Array &amp;0 [
    'name' =&gt; 'Test Activity',
    'price' =&gt; 99.99,
    'productable_detail' =&gt; Array &amp;1 [
        'guide' =&gt; 'Jane Smith',
        'duration' =&gt; 180,
    ],
].
at vendor/laravel/framework/src/Illuminate/Testing/Constraints/ArraySubset.php:80
at vendor/laravel/framework/src/Illuminate/Testing/Assert.php:36
at vendor/laravel/framework/src/Illuminate/Testing/AssertableJsonString.php:319
at vendor/laravel/framework/src/Illuminate/Testing/TestResponse.php:766
at tests/Feature/ProductApiTest.php:192</failure>
        </testcase>
        <testcase name="Can update product" file="Product Api (Tests\Feature\ProductApi)::Can update product" class="Tests\Feature\ProductApiTest" classname="Tests.Feature.ProductApiTest" assertions="3" time="3.834404"/>
        <testcase name="Can delete product" file="Product Api (Tests\Feature\ProductApi)::Can delete product" class="Tests\Feature\ProductApiTest" classname="Tests.Feature.ProductApiTest" assertions="3" time="2.599535">
          <failure type="PHPUnit\Framework\ExpectationFailedException">Can delete productFailed asserting that a row in the table [activities] does not match the attributes {
    "id": 7
}.

Found similar results: [
    {
        "id": 7
    }
].
at vendor/laravel/framework/src/Illuminate/Foundation/Testing/Concerns/InteractsWithDatabase.php:64
at tests/Feature/ProductApiTest.php:266</failure>
        </testcase>
        <testcase name="Can create menu with dishes" file="Product Api (Tests\Feature\ProductApi)::Can create menu with dishes" class="Tests\Feature\ProductApiTest" classname="Tests.Feature.ProductApiTest" assertions="1" time="3.455200">
          <failure type="PHPUnit\Framework\ExpectationFailedException">Can create menu with dishesExpected response status code [201] but received 500.
Failed asserting that 500 is identical to 201.
at vendor/laravel/framework/src/Illuminate/Testing/TestResponseAssert.php:45
at vendor/laravel/framework/src/Illuminate/Testing/TestResponse.php:159
at tests/Feature/ProductApiTest.php:299</failure>
        </testcase>
        <testcase name="Validates required fields" file="Product Api (Tests\Feature\ProductApi)::Validates required fields" class="Tests\Feature\ProductApiTest" classname="Tests.Feature.ProductApiTest" assertions="1" time="3.415766">
          <failure type="PHPUnit\Framework\ExpectationFailedException">Validates required fieldsExpected response status code [422] but received 500.
Failed asserting that 500 is identical to 422.
at vendor/laravel/framework/src/Illuminate/Testing/TestResponseAssert.php:45
at vendor/laravel/framework/src/Illuminate/Testing/TestResponse.php:159
at tests/Feature/ProductApiTest.php:312</failure>
        </testcase>
        <testcase name="Can search products" file="Product Api (Tests\Feature\ProductApi)::Can search products" class="Tests\Feature\ProductApiTest" classname="Tests.Feature.ProductApiTest" assertions="2" time="2.749388">
          <failure type="PHPUnit\Framework\ExpectationFailedException">Can search productsFailed asserting that null matches expected 1.
at tests/Feature/ProductApiTest.php:338</failure>
        </testcase>
        <testcase name="Can paginate products" file="Product Api (Tests\Feature\ProductApi)::Can paginate products" class="Tests\Feature\ProductApiTest" classname="Tests.Feature.ProductApiTest" assertions="2" time="3.834689">
          <failure type="PHPUnit\Framework\ExpectationFailedException">Can paginate productsFailed asserting that null matches expected 25.
at tests/Feature/ProductApiTest.php:357</failure>
        </testcase>
      </testsuite>
      <testsuite name="Tests\Feature\RBAC\RolePermissionTest" file="Role Permission (Tests\Feature\RBAC\RolePermission)" tests="4" assertions="5" errors="0" failures="0" skipped="0" time="11.888606">
        <testcase name="User has permissions from primary role" file="Role Permission (Tests\Feature\RBAC\RolePermission)::User has permissions from primary role" class="Tests\Feature\RBAC\RolePermissionTest" classname="Tests.Feature.RBAC.RolePermissionTest" assertions="1" time="3.263105"/>
        <testcase name="User has permissions from additional roles" file="Role Permission (Tests\Feature\RBAC\RolePermission)::User has permissions from additional roles" class="Tests\Feature\RBAC\RolePermissionTest" classname="Tests.Feature.RBAC.RolePermissionTest" assertions="1" time="3.301779"/>
        <testcase name="Permissions are deduplicated across roles" file="Role Permission (Tests\Feature\RBAC\RolePermission)::Permissions are deduplicated across roles" class="Tests\Feature\RBAC\RolePermissionTest" classname="Tests.Feature.RBAC.RolePermissionTest" assertions="1" time="2.554164"/>
        <testcase name="Role hierarchy is respected admin cannot assign super admin" file="Role Permission (Tests\Feature\RBAC\RolePermission)::Role hierarchy is respected admin cannot assign super admin" class="Tests\Feature\RBAC\RolePermissionTest" classname="Tests.Feature.RBAC.RolePermissionTest" assertions="2" time="2.769558"/>
      </testsuite>
    </testsuite>
  </testsuite>
</testsuites>
